0 verbose cli /usr/local/bin/node /usr/local/bin/npm
1 info using npm@8.7.0
2 info using node@v16.2.0
3 timing npm:load:whichnode Completed in 1ms
4 timing config:load:defaults Completed in 4ms
5 timing config:load:file:/usr/local/lib/node_modules/npm/npmrc Completed in 13ms
6 timing config:load:builtin Completed in 13ms
7 timing config:load:cli Completed in 6ms
8 timing config:load:env Completed in 1ms
9 timing config:load:project Completed in 4ms
10 timing config:load:file:/app/.npmrc Completed in 2ms
11 timing config:load:user Completed in 2ms
12 timing config:load:file:/usr/local/etc/npmrc Completed in 0ms
13 timing config:load:global Completed in 0ms
14 timing config:load:validate Completed in 4ms
15 timing config:load:credentials Completed in 2ms
16 timing config:load:setEnvs Completed in 2ms
17 timing config:load Completed in 39ms
18 timing npm:load:configload Completed in 40ms
19 timing npm:load:mkdirpcache Completed in 4ms
20 timing npm:load:mkdirplogs Completed in 3ms
21 verbose title npm install
22 verbose argv "install" "--loglevel" "error" "--legacy-peer-deps"
23 timing npm:load:setTitle Completed in 4ms
24 timing config:load:flatten Completed in 10ms
25 timing npm:load:display Completed in 17ms
26 verbose logfile logs-max:10 dir:/app/.npm/_logs
27 verbose logfile /app/.npm/_logs/2022-04-18T13_07_11_099Z-debug-0.log
28 timing npm:load:logFile Completed in 93ms
29 timing npm:load:timers Completed in 0ms
30 timing npm:load:configScope Completed in 0ms
31 timing npm:load Completed in 167ms
32 timing arborist:ctor Completed in 2ms
33 silly logfile start cleaning logs, removing 4 files
34 silly logfile done cleaning log files
35 timing idealTree:init Completed in 1448ms
36 timing idealTree:userRequests Completed in 1ms
37 silly idealTree buildDeps
38 silly fetch manifest @mdi/font@5.9.55
39 timing arborist:ctor Completed in 1ms
40 http fetch GET 200 https://registry.npmjs.org/npm 3472ms (cache revalidated)
41 http fetch GET 200 https://registry.npmjs.org/@mdi%2ffont 2072ms (cache miss)
42 silly fetch manifest roboto-fontface@*
43 http fetch GET 200 https://registry.npmjs.org/roboto-fontface 254ms (cache miss)
44 silly fetch manifest vuetify@npm:@vuetify/nightly@next
45 http fetch GET 200 https://registry.npmjs.org/@vuetify%2fnightly 1176ms (cache miss)
46 silly fetch manifest webfontloader@^1.0.0
47 http fetch GET 200 https://registry.npmjs.org/webfontloader 1051ms (cache miss)
48 silly fetch manifest sass@^1.38.0
49 http fetch GET 200 https://registry.npmjs.org/sass 547ms (cache miss)
50 silly fetch manifest sass-loader@^10.0.0
51 http fetch GET 200 https://registry.npmjs.org/sass-loader 541ms (cache miss)
52 silly fetch manifest vuetify-loader@^2.0.0-alpha.0
53 http fetch GET 200 https://registry.npmjs.org/vuetify-loader 941ms (cache miss)
54 silly placeDep ROOT @mdi/font@5.9.55 OK for: app@0.1.0 want: 5.9.55
55 silly placeDep ROOT roboto-fontface@0.10.0 OK for: app@0.1.0 want: *
56 silly placeDep ROOT sass@1.50.0 OK for: app@0.1.0 want: ^1.38.0
57 silly placeDep ROOT sass-loader@10.2.1 OK for: app@0.1.0 want: ^10.0.0
58 silly placeDep ROOT vuetify@3.0.0-next-20220416.0 OK for: app@0.1.0 want: npm:@vuetify/nightly@next
59 silly placeDep ROOT vuetify-loader@2.0.0-alpha.9 OK for: app@0.1.0 want: ^2.0.0-alpha.0
60 silly placeDep ROOT webfontloader@1.6.28 OK for: app@0.1.0 want: ^1.0.0
61 silly fetch manifest immutable@^4.0.0
62 silly fetch manifest loader-utils@^2.0.0
63 silly fetch manifest schema-utils@^3.0.0
64 silly fetch manifest semver@^7.3.2
65 silly fetch manifest @vuetify/loader-shared@^1.3.0
66 silly fetch manifest decache@^4.6.0
67 silly fetch manifest file-loader@^6.2.0
68 silly fetch manifest querystring@^0.2.1
69 silly fetch manifest upath@^2.0.1
70 http fetch GET 200 https://registry.npmjs.org/loader-utils 63ms (cache hit)
71 http fetch GET 200 https://registry.npmjs.org/schema-utils 67ms (cache hit)
72 http fetch GET 200 https://registry.npmjs.org/semver 70ms (cache hit)
73 http fetch GET 200 https://registry.npmjs.org/immutable 115ms (cache miss)
74 http fetch GET 200 https://registry.npmjs.org/decache 222ms (cache miss)
75 http fetch GET 200 https://registry.npmjs.org/upath 227ms (cache miss)
76 http fetch GET 200 https://registry.npmjs.org/querystring 232ms (cache miss)
77 http fetch GET 200 https://registry.npmjs.org/file-loader 237ms (cache miss)
78 http fetch GET 200 https://registry.npmjs.org/@vuetify%2floader-shared 1608ms (cache miss)
79 timing idealTree:#root Completed in 8310ms
80 timing idealTree:node_modules/@mdi/font Completed in 0ms
81 timing idealTree:node_modules/roboto-fontface Completed in 1ms
82 silly placeDep ROOT immutable@4.0.0 OK for: sass@1.50.0 want: ^4.0.0
83 timing idealTree:node_modules/sass Completed in 4ms
84 timing idealTree:node_modules/immutable Completed in 0ms
85 silly placeDep node_modules/sass-loader loader-utils@2.0.2 OK for: sass-loader@10.2.1 want: ^2.0.0
86 silly placeDep node_modules/sass-loader schema-utils@3.1.1 OK for: sass-loader@10.2.1 want: ^3.0.0
87 silly placeDep node_modules/sass-loader semver@7.3.7 OK for: sass-loader@10.2.1 want: ^7.3.2
88 timing idealTree:node_modules/sass-loader Completed in 11ms
89 timing idealTree:node_modules/vuetify Completed in 1ms
90 silly placeDep ROOT @vuetify/loader-shared@1.3.0 OK for: vuetify-loader@2.0.0-alpha.9 want: ^1.3.0
91 silly placeDep ROOT decache@4.6.1 OK for: vuetify-loader@2.0.0-alpha.9 want: ^4.6.0
92 silly placeDep ROOT file-loader@6.2.0 OK for: vuetify-loader@2.0.0-alpha.9 want: ^6.2.0
93 silly placeDep node_modules/vuetify-loader loader-utils@2.0.2 OK for: vuetify-loader@2.0.0-alpha.9 want: ^2.0.0
94 silly placeDep ROOT querystring@0.2.1 OK for: vuetify-loader@2.0.0-alpha.9 want: ^0.2.1
95 silly placeDep ROOT upath@2.0.1 OK for: vuetify-loader@2.0.0-alpha.9 want: ^2.0.1
96 silly fetch manifest callsite@^1.0.0
97 http fetch GET 200 https://registry.npmjs.org/callsite 1709ms (cache miss)
98 timing idealTree:node_modules/vuetify-loader Completed in 1731ms
99 timing idealTree:node_modules/@vuetify/loader-shared Completed in 0ms
100 silly placeDep ROOT callsite@1.0.0 OK for: decache@4.6.1 want: ^1.0.0
101 timing idealTree:node_modules/decache Completed in 4ms
102 timing idealTree:node_modules/callsite Completed in 0ms
103 silly placeDep node_modules/file-loader loader-utils@2.0.2 OK for: file-loader@6.2.0 want: ^2.0.0
104 silly placeDep node_modules/file-loader schema-utils@3.1.1 OK for: file-loader@6.2.0 want: ^3.0.0
105 timing idealTree:node_modules/file-loader Completed in 6ms
106 timing idealTree:node_modules/querystring Completed in 0ms
107 timing idealTree:node_modules/upath Completed in 0ms
108 timing idealTree:node_modules/webfontloader Completed in 0ms
109 timing idealTree:node_modules/file-loader/node_modules/loader-utils Completed in 0ms
110 timing idealTree:node_modules/file-loader/node_modules/schema-utils Completed in 0ms
111 timing idealTree:node_modules/sass-loader/node_modules/loader-utils Completed in 0ms
112 timing idealTree:node_modules/sass-loader/node_modules/schema-utils Completed in 0ms
113 timing idealTree:node_modules/sass-loader/node_modules/semver Completed in 0ms
114 timing idealTree:node_modules/vuetify-loader/node_modules/loader-utils Completed in 0ms
115 timing idealTree:buildDeps Completed in 10096ms
116 timing idealTree:fixDepFlags Completed in 34ms
117 timing idealTree Completed in 11612ms
118 timing reify:loadTrees Completed in 11616ms
119 timing reify:diffTrees Completed in 91ms
120 silly reify moves {}
121 timing reify:retireShallow Completed in 3ms
122 timing reify:createSparse Completed in 271ms
123 timing reify:loadBundles Completed in 0ms
124 silly audit bulk request {
124 silly audit   '@achrinza/node-ipc': [ '9.2.2' ],
124 silly audit   '@ampproject/remapping': [ '2.1.2' ],
124 silly audit   '@babel/code-frame': [ '7.16.7', '7.12.11' ],
124 silly audit   '@babel/compat-data': [ '7.17.7' ],
124 silly audit   '@babel/core': [ '7.17.9' ],
124 silly audit   '@babel/eslint-parser': [ '7.17.0' ],
124 silly audit   '@babel/generator': [ '7.17.9' ],
124 silly audit   '@babel/helper-annotate-as-pure': [ '7.16.7' ],
124 silly audit   '@babel/helper-builder-binary-assignment-operator-visitor': [ '7.16.7' ],
124 silly audit   '@babel/helper-compilation-targets': [ '7.17.7' ],
124 silly audit   '@babel/helper-create-class-features-plugin': [ '7.17.9' ],
124 silly audit   '@babel/helper-create-regexp-features-plugin': [ '7.17.0' ],
124 silly audit   '@babel/helper-define-polyfill-provider': [ '0.3.1' ],
124 silly audit   '@babel/helper-environment-visitor': [ '7.16.7' ],
124 silly audit   '@babel/helper-explode-assignable-expression': [ '7.16.7' ],
124 silly audit   '@babel/helper-function-name': [ '7.17.9' ],
124 silly audit   '@babel/helper-hoist-variables': [ '7.16.7' ],
124 silly audit   '@babel/helper-member-expression-to-functions': [ '7.17.7' ],
124 silly audit   '@babel/helper-module-imports': [ '7.16.7' ],
124 silly audit   '@babel/helper-module-transforms': [ '7.17.7' ],
124 silly audit   '@babel/helper-optimise-call-expression': [ '7.16.7' ],
124 silly audit   '@babel/helper-plugin-utils': [ '7.16.7' ],
124 silly audit   '@babel/helper-remap-async-to-generator': [ '7.16.8' ],
124 silly audit   '@babel/helper-replace-supers': [ '7.16.7' ],
124 silly audit   '@babel/helper-simple-access': [ '7.17.7' ],
124 silly audit   '@babel/helper-skip-transparent-expression-wrappers': [ '7.16.0' ],
124 silly audit   '@babel/helper-split-export-declaration': [ '7.16.7' ],
124 silly audit   '@babel/helper-validator-identifier': [ '7.16.7' ],
124 silly audit   '@babel/helper-validator-option': [ '7.16.7' ],
124 silly audit   '@babel/helper-wrap-function': [ '7.16.8' ],
124 silly audit   '@babel/helpers': [ '7.17.9' ],
124 silly audit   '@babel/highlight': [ '7.17.9' ],
124 silly audit   '@babel/parser': [ '7.17.9' ],
124 silly audit   '@babel/plugin-bugfix-safari-id-destructuring-collision-in-function-expression': [ '7.16.7' ],
124 silly audit   '@babel/plugin-bugfix-v8-spread-parameters-in-optional-chaining': [ '7.16.7' ],
124 silly audit   '@babel/plugin-proposal-async-generator-functions': [ '7.16.8' ],
124 silly audit   '@babel/plugin-proposal-class-properties': [ '7.16.7' ],
124 silly audit   '@babel/plugin-proposal-class-static-block': [ '7.17.6' ],
124 silly audit   '@babel/plugin-proposal-decorators': [ '7.17.9' ],
124 silly audit   '@babel/plugin-proposal-dynamic-import': [ '7.16.7' ],
124 silly audit   '@babel/plugin-proposal-export-namespace-from': [ '7.16.7' ],
124 silly audit   '@babel/plugin-proposal-json-strings': [ '7.16.7' ],
124 silly audit   '@babel/plugin-proposal-logical-assignment-operators': [ '7.16.7' ],
124 silly audit   '@babel/plugin-proposal-nullish-coalescing-operator': [ '7.16.7' ],
124 silly audit   '@babel/plugin-proposal-numeric-separator': [ '7.16.7' ],
124 silly audit   '@babel/plugin-proposal-object-rest-spread': [ '7.17.3' ],
124 silly audit   '@babel/plugin-proposal-optional-catch-binding': [ '7.16.7' ],
124 silly audit   '@babel/plugin-proposal-optional-chaining': [ '7.16.7' ],
124 silly audit   '@babel/plugin-proposal-private-methods': [ '7.16.11' ],
124 silly audit   '@babel/plugin-proposal-private-property-in-object': [ '7.16.7' ],
124 silly audit   '@babel/plugin-proposal-unicode-property-regex': [ '7.16.7' ],
124 silly audit   '@babel/plugin-syntax-async-generators': [ '7.8.4' ],
124 silly audit   '@babel/plugin-syntax-class-properties': [ '7.12.13' ],
124 silly audit   '@babel/plugin-syntax-class-static-block': [ '7.14.5' ],
124 silly audit   '@babel/plugin-syntax-decorators': [ '7.17.0' ],
124 silly audit   '@babel/plugin-syntax-dynamic-import': [ '7.8.3' ],
124 silly audit   '@babel/plugin-syntax-export-namespace-from': [ '7.8.3' ],
124 silly audit   '@babel/plugin-syntax-json-strings': [ '7.8.3' ],
124 silly audit   '@babel/plugin-syntax-jsx': [ '7.16.7' ],
124 silly audit   '@babel/plugin-syntax-logical-assignment-operators': [ '7.10.4' ],
124 silly audit   '@babel/plugin-syntax-nullish-coalescing-operator': [ '7.8.3' ],
124 silly audit   '@babel/plugin-syntax-numeric-separator': [ '7.10.4' ],
124 silly audit   '@babel/plugin-syntax-object-rest-spread': [ '7.8.3' ],
124 silly audit   '@babel/plugin-syntax-optional-catch-binding': [ '7.8.3' ],
124 silly audit   '@babel/plugin-syntax-optional-chaining': [ '7.8.3' ],
124 silly audit   '@babel/plugin-syntax-private-property-in-object': [ '7.14.5' ],
124 silly audit   '@babel/plugin-syntax-top-level-await': [ '7.14.5' ],
124 silly audit   '@babel/plugin-transform-arrow-functions': [ '7.16.7' ],
124 silly audit   '@babel/plugin-transform-async-to-generator': [ '7.16.8' ],
124 silly audit   '@babel/plugin-transform-block-scoped-functions': [ '7.16.7' ],
124 silly audit   '@babel/plugin-transform-block-scoping': [ '7.16.7' ],
124 silly audit   '@babel/plugin-transform-classes': [ '7.16.7' ],
124 silly audit   '@babel/plugin-transform-computed-properties': [ '7.16.7' ],
124 silly audit   '@babel/plugin-transform-destructuring': [ '7.17.7' ],
124 silly audit   '@babel/plugin-transform-dotall-regex': [ '7.16.7' ],
124 silly audit   '@babel/plugin-transform-duplicate-keys': [ '7.16.7' ],
124 silly audit   '@babel/plugin-transform-exponentiation-operator': [ '7.16.7' ],
124 silly audit   '@babel/plugin-transform-for-of': [ '7.16.7' ],
124 silly audit   '@babel/plugin-transform-function-name': [ '7.16.7' ],
124 silly audit   '@babel/plugin-transform-literals': [ '7.16.7' ],
124 silly audit   '@babel/plugin-transform-member-expression-literals': [ '7.16.7' ],
124 silly audit   '@babel/plugin-transform-modules-amd': [ '7.16.7' ],
124 silly audit   '@babel/plugin-transform-modules-commonjs': [ '7.17.9' ],
124 silly audit   '@babel/plugin-transform-modules-systemjs': [ '7.17.8' ],
124 silly audit   '@babel/plugin-transform-modules-umd': [ '7.16.7' ],
124 silly audit   '@babel/plugin-transform-named-capturing-groups-regex': [ '7.16.8' ],
124 silly audit   '@babel/plugin-transform-new-target': [ '7.16.7' ],
124 silly audit   '@babel/plugin-transform-object-super': [ '7.16.7' ],
124 silly audit   '@babel/plugin-transform-parameters': [ '7.16.7' ],
124 silly audit   '@babel/plugin-transform-property-literals': [ '7.16.7' ],
124 silly audit   '@babel/plugin-transform-regenerator': [ '7.17.9' ],
124 silly audit   '@babel/plugin-transform-reserved-words': [ '7.16.7' ],
124 silly audit   '@babel/plugin-transform-runtime': [ '7.17.0' ],
124 silly audit   '@babel/plugin-transform-shorthand-properties': [ '7.16.7' ],
124 silly audit   '@babel/plugin-transform-spread': [ '7.16.7' ],
124 silly audit   '@babel/plugin-transform-sticky-regex': [ '7.16.7' ],
124 silly audit   '@babel/plugin-transform-template-literals': [ '7.16.7' ],
124 silly audit   '@babel/plugin-transform-typeof-symbol': [ '7.16.7' ],
124 silly audit   '@babel/plugin-transform-unicode-escapes': [ '7.16.7' ],
124 silly audit   '@babel/plugin-transform-unicode-regex': [ '7.16.7' ],
124 silly audit   '@babel/preset-env': [ '7.16.11' ],
124 silly audit   '@babel/preset-modules': [ '0.1.5' ],
124 silly audit   '@babel/runtime': [ '7.17.9' ],
124 silly audit   '@babel/template': [ '7.16.7' ],
124 silly audit   '@babel/traverse': [ '7.17.9' ],
124 silly audit   '@babel/types': [ '7.17.0' ],
124 silly audit   '@eslint/eslintrc': [ '0.4.3' ],
124 silly audit   globals: [ '13.13.0', '11.12.0' ],
124 silly audit   'type-fest': [ '0.20.2', '0.8.1', '0.6.0' ],
124 silly audit   '@hapi/hoek': [ '9.2.1' ],
124 silly audit   '@hapi/topo': [ '5.1.0' ],
124 silly audit   '@humanwhocodes/config-array': [ '0.5.0' ],
124 silly audit   '@humanwhocodes/object-schema': [ '1.2.1' ],
124 silly audit   '@jridgewell/resolve-uri': [ '3.0.5' ],
124 silly audit   '@jridgewell/sourcemap-codec': [ '1.4.11' ],
124 silly audit   '@jridgewell/trace-mapping': [ '0.3.4' ],
124 silly audit   '@leichtgewicht/ip-codec': [ '2.0.3' ],
124 silly audit   '@node-ipc/js-queue': [ '2.0.3' ],
124 silly audit   '@nodelib/fs.scandir': [ '2.1.5' ],
124 silly audit   '@nodelib/fs.stat': [ '2.0.5' ],
124 silly audit   '@nodelib/fs.walk': [ '1.2.8' ],
124 silly audit   '@polka/url': [ '1.0.0-next.21' ],
124 silly audit   '@sideway/address': [ '4.1.4' ],
124 silly audit   '@sideway/formula': [ '3.0.0' ],
124 silly audit   '@sideway/pinpoint': [ '2.0.0' ],
124 silly audit   '@soda/friendly-errors-webpack-plugin': [ '1.8.1' ],
124 silly audit   'ansi-styles': [ '4.3.0', '3.2.1' ],
124 silly audit   chalk: [ '3.0.0', '4.1.2', '2.4.2' ],
124 silly audit   'color-convert': [ '2.0.1', '1.9.3' ],
124 silly audit   'color-name': [ '1.1.4', '1.1.3' ],
124 silly audit   'has-flag': [ '4.0.0', '3.0.0' ],
124 silly audit   'supports-color': [ '7.2.0', '8.1.1', '5.5.0' ],
124 silly audit   '@soda/get-current-script': [ '1.0.2' ],
124 silly audit   '@trysound/sax': [ '0.2.0' ],
124 silly audit   '@types/body-parser': [ '1.19.2' ],
124 silly audit   '@types/bonjour': [ '3.5.10' ],
124 silly audit   '@types/connect': [ '3.4.35' ],
124 silly audit   '@types/connect-history-api-fallback': [ '1.3.5' ],
124 silly audit   '@types/eslint': [ '7.29.0' ],
124 silly audit   '@types/eslint-scope': [ '3.7.3' ],
124 silly audit   '@types/estree': [ '0.0.51' ],
124 silly audit   '@types/express': [ '4.17.13' ],
124 silly audit   '@types/express-serve-static-core': [ '4.17.28' ],
124 silly audit   '@types/html-minifier-terser': [ '6.1.0' ],
124 silly audit   '@types/http-proxy': [ '1.17.8' ],
124 silly audit   '@types/json-schema': [ '7.0.11' ],
124 silly audit   '@types/mime': [ '1.3.2' ],
124 silly audit   '@types/minimist': [ '1.2.2' ],
124 silly audit   '@types/node': [ '17.0.24' ],
124 silly audit   '@types/normalize-package-data': [ '2.4.1' ],
124 silly audit   '@types/parse-json': [ '4.0.0' ],
124 silly audit   '@types/qs': [ '6.9.7' ],
124 silly audit   '@types/range-parser': [ '1.2.4' ],
124 silly audit   '@types/retry': [ '0.12.1' ],
124 silly audit   '@types/serve-index': [ '1.9.1' ],
124 silly audit   '@types/serve-static': [ '1.13.10' ],
124 silly audit   '@types/sockjs': [ '0.3.33' ],
124 silly audit   '@types/ws': [ '8.5.3' ],
124 silly audit   '@vue/babel-helper-vue-jsx-merge-props': [ '1.2.1' ],
124 silly audit   '@vue/babel-helper-vue-transform-on': [ '1.0.2' ],
124 silly audit   '@vue/babel-plugin-jsx': [ '1.1.1' ],
124 silly audit   '@vue/babel-plugin-transform-vue-jsx': [ '1.2.1' ],
124 silly audit   'html-tags': [ '2.0.0', '3.2.0' ],
124 silly audit   '@vue/babel-preset-app': [ '5.0.4' ],
124 silly audit   semver: [ '7.3.7', '7.0.0', '5.7.1', '6.3.0' ],
124 silly audit   '@vue/babel-preset-jsx': [ '1.2.4' ],
124 silly audit   '@vue/babel-sugar-composition-api-inject-h': [ '1.2.1' ],
124 silly audit   '@vue/babel-sugar-composition-api-render-instance': [ '1.2.4' ],
124 silly audit   '@vue/babel-sugar-functional-vue': [ '1.2.2' ],
124 silly audit   '@vue/babel-sugar-inject-h': [ '1.2.2' ],
124 silly audit   '@vue/babel-sugar-v-model': [ '1.2.3' ],
124 silly audit   camelcase: [ '5.3.1', '6.3.0' ],
124 silly audit   '@vue/babel-sugar-v-on': [ '1.2.3' ],
124 silly audit   '@vue/cli-overlay': [ '5.0.4' ],
124 silly audit   '@vue/cli-plugin-babel': [ '5.0.4' ],
124 silly audit   '@vue/cli-plugin-eslint': [ '5.0.4' ],
124 silly audit   '@vue/cli-plugin-router': [ '5.0.4' ],
124 silly audit   '@vue/cli-plugin-vuex': [ '5.0.4' ],
124 silly audit   '@vue/cli-service': [ '5.0.4' ],
124 silly audit   '@vue/cli-shared-utils': [ '5.0.4' ],
124 silly audit   '@vue/compiler-core': [ '3.2.33' ],
124 silly audit   'source-map': [ '0.6.1', '0.5.7', '0.7.3' ],
124 silly audit   '@vue/compiler-dom': [ '3.2.33' ],
124 silly audit   '@vue/compiler-sfc': [ '3.2.33' ],
124 silly audit   '@vue/compiler-ssr': [ '3.2.33' ],
124 silly audit   '@vue/component-compiler-utils': [ '3.3.0' ],
124 silly audit   'hash-sum': [ '1.0.2', '2.0.0' ],
124 silly audit   'lru-cache': [ '4.1.5', '6.0.0' ],
124 silly audit   picocolors: [ '0.2.1', '1.0.0' ],
124 silly audit   postcss: [ '7.0.39', '8.4.12' ],
124 silly audit   yallist: [ '2.1.2', '4.0.0' ],
124 silly audit   '@vue/devtools-api': [ '6.1.4' ],
124 silly audit   '@vue/reactivity': [ '3.2.33' ],
124 silly audit   '@vue/reactivity-transform': [ '3.2.33' ],
124 silly audit   '@vue/runtime-core': [ '3.2.33' ],
124 silly audit   '@vue/runtime-dom': [ '3.2.33' ],
124 silly audit   '@vue/server-renderer': [ '3.2.33' ],
124 silly audit   '@vue/shared': [ '3.2.33' ],
124 silly audit   'vue-loader': [ '15.9.8', '17.0.0' ],
124 silly audit   '@vue/web-component-wrapper': [ '1.3.0' ],
124 silly audit   '@webassemblyjs/ast': [ '1.11.1' ],
124 silly audit   '@webassemblyjs/floating-point-hex-parser': [ '1.11.1' ],
124 silly audit   '@webassemblyjs/helper-api-error': [ '1.11.1' ],
124 silly audit   '@webassemblyjs/helper-buffer': [ '1.11.1' ],
124 silly audit   '@webassemblyjs/helper-numbers': [ '1.11.1' ],
124 silly audit   '@webassemblyjs/helper-wasm-bytecode': [ '1.11.1' ],
124 silly audit   '@webassemblyjs/helper-wasm-section': [ '1.11.1' ],
124 silly audit   '@webassemblyjs/ieee754': [ '1.11.1' ],
124 silly audit   '@webassemblyjs/leb128': [ '1.11.1' ],
124 silly audit   '@webassemblyjs/utf8': [ '1.11.1' ],
124 silly audit   '@webassemblyjs/wasm-edit': [ '1.11.1' ],
124 silly audit   '@webassemblyjs/wasm-gen': [ '1.11.1' ],
124 silly audit   '@webassemblyjs/wasm-opt': [ '1.11.1' ],
124 silly audit   '@webassemblyjs/wasm-parser': [ '1.11.1' ],
124 silly audit   '@webassemblyjs/wast-printer': [ '1.11.1' ],
124 silly audit   '@xtuc/ieee754': [ '1.2.0' ],
124 silly audit   '@xtuc/long': [ '4.2.2' ],
124 silly audit   accepts: [ '1.3.8' ],
124 silly audit   acorn: [ '8.7.0', '7.4.1' ],
124 silly audit   'acorn-import-assertions': [ '1.8.0' ],
124 silly audit   'acorn-jsx': [ '5.3.2' ],
124 silly audit   'acorn-walk': [ '8.2.0' ],
124 silly audit   address: [ '1.1.2' ],
124 silly audit   ajv: [ '6.12.6', '8.11.0' ],
124 silly audit   'ajv-formats': [ '2.1.1' ],
124 silly audit   'json-schema-traverse': [ '1.0.0', '0.4.1' ],
124 silly audit   'ajv-keywords': [ '3.5.2', '5.1.0' ],
124 silly audit   'ansi-colors': [ '4.1.1' ],
124 silly audit   'ansi-escapes': [ '3.2.0' ],
124 silly audit   'ansi-html-community': [ '0.0.8' ],
124 silly audit   'ansi-regex': [ '5.0.1', '3.0.1' ],
124 silly audit   'any-promise': [ '1.3.0' ],
124 silly audit   anymatch: [ '3.1.2' ],
124 silly audit   arch: [ '2.2.0' ],
124 silly audit   argparse: [ '1.0.10' ],
124 silly audit   'array-flatten': [ '2.1.2', '1.1.1' ],
124 silly audit   'array-union': [ '2.1.0' ],
124 silly audit   'astral-regex': [ '2.0.0' ],
124 silly audit   async: [ '2.6.4' ],
124 silly audit   'at-least-node': [ '1.0.0' ],
124 silly audit   autoprefixer: [ '10.4.4' ],
124 silly audit   'babel-loader': [ '8.2.4' ],
124 silly audit   'loader-utils': [ '2.0.2', '1.4.0' ],
124 silly audit   'babel-plugin-dynamic-import-node': [ '2.3.3' ],
124 silly audit   'babel-plugin-polyfill-corejs2': [ '0.3.1' ],
124 silly audit   'babel-plugin-polyfill-corejs3': [ '0.5.2' ],
124 silly audit   'babel-plugin-polyfill-regenerator': [ '0.3.1' ],
124 silly audit   'balanced-match': [ '1.0.2' ],
124 silly audit   'base64-js': [ '1.5.1' ],
124 silly audit   batch: [ '0.6.1' ],
124 silly audit   'big.js': [ '5.2.2' ],
124 silly audit   'binary-extensions': [ '2.2.0' ],
124 silly audit   bl: [ '4.1.0' ],
124 silly audit   bluebird: [ '3.7.2' ],
124 silly audit   'body-parser': [ '1.19.2' ],
124 silly audit   bytes: [ '3.1.2', '3.0.0' ],
124 silly audit   debug: [ '2.6.9', '4.3.4', '3.2.7' ],
124 silly audit   ms: [ '2.0.0', '2.1.2', '2.1.3' ],
124 silly audit   'bonjour-service': [ '1.0.11' ],
124 silly audit   boolbase: [ '1.0.0' ],
124 silly audit   'brace-expansion': [ '1.1.11' ],
124 silly audit   braces: [ '3.0.2' ],
124 silly audit   browserslist: [ '4.20.2' ],
124 silly audit   buffer: [ '5.7.1' ],
124 silly audit   'buffer-from': [ '1.1.2' ],
124 silly audit   'call-bind': [ '1.0.2' ],
124 silly audit   callsites: [ '3.1.0' ],
124 silly audit   'camel-case': [ '4.1.2' ],
124 silly audit   'caniuse-api': [ '3.0.0' ],
124 silly audit   'caniuse-lite': [ '1.0.30001332' ],
124 silly audit   'case-sensitive-paths-webpack-plugin': [ '2.4.0' ],
124 silly audit   charcodes: [ '0.2.0' ],
124 silly audit   chokidar: [ '3.5.3' ],
124 silly audit   'glob-parent': [ '5.1.2', '6.0.2' ],
124 silly audit   'chrome-trace-event': [ '1.0.3' ],
124 silly audit   'ci-info': [ '1.6.0' ],
124 silly audit   'clean-css': [ '5.3.0' ],
124 silly audit   'cli-cursor': [ '3.1.0', '2.1.0' ],
124 silly audit   'cli-highlight': [ '2.1.11' ],
124 silly audit   'cli-spinners': [ '2.6.1' ],
124 silly audit   clipboardy: [ '2.3.0' ],
124 silly audit   cliui: [ '7.0.4' ],
124 silly audit   clone: [ '1.0.4' ],
124 silly audit   'clone-deep': [ '4.0.1' ],
124 silly audit   colord: [ '2.9.2' ],
124 silly audit   colorette: [ '2.0.16' ],
124 silly audit   commander: [ '8.3.0', '7.2.0', '2.20.3' ],
124 silly audit   commondir: [ '1.0.1' ],
124 silly audit   compressible: [ '2.0.18' ],
124 silly audit   compression: [ '1.7.4' ],
124 silly audit   'concat-map': [ '0.0.1' ],
124 silly audit   'connect-history-api-fallback': [ '1.6.0' ],
124 silly audit   consolidate: [ '0.15.1' ],
124 silly audit   'content-disposition': [ '0.5.4' ],
124 silly audit   'safe-buffer': [ '5.2.1', '5.1.2' ],
124 silly audit   'content-type': [ '1.0.4' ],
124 silly audit   'convert-source-map': [ '1.8.0' ],
124 silly audit   cookie: [ '0.4.2' ],
124 silly audit   'cookie-signature': [ '1.0.6' ],
124 silly audit   'copy-webpack-plugin': [ '9.1.0' ],
124 silly audit   'schema-utils': [ '3.1.1', '4.0.0', '2.7.1' ],
124 silly audit   'core-js': [ '3.22.0' ],
124 silly audit   'core-js-compat': [ '3.22.0' ],
124 silly audit   'core-util-is': [ '1.0.3' ],
124 silly audit   cosmiconfig: [ '7.0.1' ],
124 silly audit   'cross-spawn': [ '7.0.3', '6.0.5', '5.1.0' ],
124 silly audit   'css-declaration-sorter': [ '6.2.2' ],
124 silly audit   'css-loader': [ '6.7.1' ],
124 silly audit   'css-minimizer-webpack-plugin': [ '3.4.1' ],
124 silly audit   'css-select': [ '4.3.0' ],
124 silly audit   'css-tree': [ '1.1.3' ],
124 silly audit   'css-what': [ '6.1.0' ],
124 silly audit   cssesc: [ '3.0.0' ],
124 silly audit   cssnano: [ '5.1.7' ],
124 silly audit   'cssnano-preset-default': [ '5.2.7' ],
124 silly audit   'cssnano-utils': [ '3.1.0' ],
124 silly audit   csso: [ '4.2.0' ],
124 silly audit   csstype: [ '2.6.20' ],
124 silly audit   'deep-is': [ '0.1.4' ],
124 silly audit   deepmerge: [ '1.5.2' ],
124 silly audit   'default-gateway': [ '6.0.3' ],
124 silly audit   execa: [ '5.1.1', '1.0.0', '0.8.0' ],
124 silly audit   'get-stream': [ '6.0.1', '4.1.0', '3.0.0' ],
124 silly audit   'is-stream': [ '2.0.1', '1.1.0' ],
124 silly audit   'npm-run-path': [ '4.0.1', '2.0.2' ],
124 silly audit   defaults: [ '1.0.3' ],
124 silly audit   'define-lazy-prop': [ '2.0.0' ],
124 silly audit   'define-properties': [ '1.1.4' ],
124 silly audit   depd: [ '1.1.2' ],
124 silly audit   destroy: [ '1.0.4' ],
124 silly audit   'detect-node': [ '2.1.0' ],
124 silly audit   'dir-glob': [ '3.0.1' ],
124 silly audit   'dns-equal': [ '1.0.0' ],
124 silly audit   'dns-packet': [ '5.3.1' ],
124 silly audit   doctrine: [ '3.0.0' ],
124 silly audit   'dom-converter': [ '0.2.0' ],
124 silly audit   'dom-serializer': [ '1.4.1' ],
124 silly audit   domelementtype: [ '2.3.0' ],
124 silly audit   domhandler: [ '4.3.1' ],
124 silly audit   domutils: [ '2.8.0' ],
124 silly audit   'dot-case': [ '3.0.4' ],
124 silly audit   dotenv: [ '10.0.0' ],
124 silly audit   'dotenv-expand': [ '5.1.0' ],
124 silly audit   duplexer: [ '0.1.2' ],
124 silly audit   'easy-stack': [ '1.0.1' ],
124 silly audit   'ee-first': [ '1.1.1' ],
124 silly audit   'electron-to-chromium': [ '1.4.111' ],
124 silly audit   'emoji-regex': [ '8.0.0' ],
124 silly audit   'emojis-list': [ '3.0.0' ],
124 silly audit   encodeurl: [ '1.0.2' ],
124 silly audit   'end-of-stream': [ '1.4.4' ],
124 silly audit   'enhanced-resolve': [ '5.9.3' ],
124 silly audit   enquirer: [ '2.3.6' ],
124 silly audit   entities: [ '2.2.0' ],
124 silly audit   'error-ex': [ '1.3.2' ],
124 silly audit   'error-stack-parser': [ '2.0.7' ],
124 silly audit   'es-module-lexer': [ '0.9.3' ],
124 silly audit   escalade: [ '3.1.1' ],
124 silly audit   'escape-html': [ '1.0.3' ],
124 silly audit   'escape-string-regexp': [ '1.0.5', '4.0.0' ],
124 silly audit   eslint: [ '7.32.0' ],
124 silly audit   'eslint-plugin-vue': [ '8.6.0' ],
124 silly audit   'eslint-utils': [ '3.0.0', '2.1.0' ],
124 silly audit   'eslint-scope': [ '5.1.1', '7.1.1' ],
124 silly audit   'eslint-visitor-keys': [ '1.3.0', '2.1.0', '3.3.0' ],
124 silly audit   'eslint-webpack-plugin': [ '3.1.1' ],
124 silly audit   espree: [ '7.3.1', '9.3.1' ],
124 silly audit   esprima: [ '4.0.1' ],
124 silly audit   esquery: [ '1.4.0' ],
124 silly audit   estraverse: [ '5.3.0', '4.3.0' ],
124 silly audit   esrecurse: [ '4.3.0' ],
124 silly audit   'estree-walker': [ '2.0.2' ],
124 silly audit   esutils: [ '2.0.3' ],
124 silly audit   etag: [ '1.8.1' ],
124 silly audit   'event-pubsub': [ '4.3.0' ],
124 silly audit   eventemitter3: [ '4.0.7' ],
124 silly audit   events: [ '3.3.0' ],
124 silly audit   'path-key': [ '2.0.1', '3.1.1' ],
124 silly audit   'shebang-command': [ '1.2.0', '2.0.0' ],
124 silly audit   'shebang-regex': [ '1.0.0', '3.0.0' ],
124 silly audit   which: [ '1.3.1', '2.0.2' ],
124 silly audit   express: [ '4.17.3' ],
124 silly audit   'fast-deep-equal': [ '3.1.3' ],
124 silly audit   'fast-glob': [ '3.2.11' ],
124 silly audit   'fast-json-stable-stringify': [ '2.1.0' ],
124 silly audit   'fast-levenshtein': [ '2.0.6' ],
124 silly audit   fastq: [ '1.13.0' ],
124 silly audit   'faye-websocket': [ '0.11.4' ],
124 silly audit   figures: [ '2.0.0' ],
124 silly audit   'file-entry-cache': [ '6.0.1' ],
124 silly audit   'fill-range': [ '7.0.1' ],
124 silly audit   finalhandler: [ '1.1.2' ],
124 silly audit   'find-cache-dir': [ '3.3.2' ],
124 silly audit   'find-up': [ '4.1.0' ],
124 silly audit   'flat-cache': [ '3.0.4' ],
124 silly audit   flatted: [ '3.2.5' ],
124 silly audit   'follow-redirects': [ '1.14.9' ],
124 silly audit   forwarded: [ '0.2.0' ],
124 silly audit   'fraction.js': [ '4.2.0' ],
124 silly audit   fresh: [ '0.5.2' ],
124 silly audit   'fs-extra': [ '9.1.0' ],
124 silly audit   'fs-monkey': [ '1.0.3' ],
124 silly audit   'fs.realpath': [ '1.0.0' ],
124 silly audit   fsevents: [ '2.3.2' ],
124 silly audit   'function-bind': [ '1.1.1' ],
124 silly audit   'functional-red-black-tree': [ '1.0.1' ],
124 silly audit   gensync: [ '1.0.0-beta.2' ],
124 silly audit   'get-caller-file': [ '2.0.5' ],
124 silly audit   'get-intrinsic': [ '1.1.1' ],
124 silly audit   glob: [ '7.2.0' ],
124 silly audit   'glob-to-regexp': [ '0.4.1' ],
124 silly audit   globby: [ '11.1.0' ],
124 silly audit   ignore: [ '5.2.0', '4.0.6' ],
124 silly audit   'graceful-fs': [ '4.2.10' ],
124 silly audit   'gzip-size': [ '6.0.0' ],
124 silly audit   'handle-thing': [ '2.0.1' ],
124 silly audit   has: [ '1.0.3' ],
124 silly audit   'has-property-descriptors': [ '1.0.0' ],
124 silly audit   'has-symbols': [ '1.0.3' ],
124 silly audit   he: [ '1.2.0' ],
124 silly audit   'highlight.js': [ '10.7.3' ],
124 silly audit   'hosted-git-info': [ '2.8.9' ],
124 silly audit   'hpack.js': [ '2.1.6' ],
124 silly audit   'readable-stream': [ '2.3.7', '3.6.0' ],
124 silly audit   string_decoder: [ '1.1.1', '1.3.0' ],
124 silly audit   'html-entities': [ '2.3.3' ],
124 silly audit   'html-minifier-terser': [ '6.1.0' ],
124 silly audit   'html-webpack-plugin': [ '5.5.0' ],
124 silly audit   htmlparser2: [ '6.1.0' ],
124 silly audit   'http-deceiver': [ '1.2.7' ],
124 silly audit   'http-errors': [ '1.8.1', '1.6.3' ],
124 silly audit   'http-parser-js': [ '0.5.6' ],
124 silly audit   'http-proxy': [ '1.18.1' ],
124 silly audit   'http-proxy-middleware': [ '2.0.4' ],
124 silly audit   'human-signals': [ '2.1.0' ],
124 silly audit   'iconv-lite': [ '0.4.24' ],
124 silly audit   'icss-utils': [ '5.1.0' ],
124 silly audit   ieee754: [ '1.2.1' ],
124 silly audit   'import-fresh': [ '3.3.0' ],
124 silly audit   imurmurhash: [ '0.1.4' ],
124 silly audit   inflight: [ '1.0.6' ],
124 silly audit   inherits: [ '2.0.4', '2.0.3' ],
124 silly audit   interpret: [ '1.4.0' ],
124 silly audit   'ipaddr.js': [ '2.0.1', '1.9.1' ],
124 silly audit   'is-arrayish': [ '0.2.1' ],
124 silly audit   'is-binary-path': [ '2.1.0' ],
124 silly audit   'is-ci': [ '1.2.1' ],
124 silly audit   'is-core-module': [ '2.8.1' ],
124 silly audit   'is-docker': [ '2.2.1' ],
124 silly audit   'is-extglob': [ '2.1.1' ],
124 silly audit   'is-file-esm': [ '1.0.0' ],
124 silly audit   'is-fullwidth-code-point': [ '3.0.0', '2.0.0' ],
124 silly audit   'is-glob': [ '4.0.3' ],
124 silly audit   'is-interactive': [ '1.0.0' ],
124 silly audit   'is-number': [ '7.0.0' ],
124 silly audit   'is-plain-obj': [ '3.0.0' ],
124 silly audit   'is-plain-object': [ '2.0.4' ],
124 silly audit   'is-unicode-supported': [ '0.1.0' ],
124 silly audit   'is-wsl': [ '2.2.0' ],
124 silly audit   isarray: [ '1.0.0' ],
124 silly audit   isexe: [ '2.0.0' ],
124 silly audit   isobject: [ '3.0.1' ],
124 silly audit   'javascript-stringify': [ '2.1.0' ],
124 silly audit   'jest-worker': [ '27.5.1' ],
124 silly audit   joi: [ '17.6.0' ],
124 silly audit   'js-message': [ '1.0.7' ],
124 silly audit   'js-tokens': [ '4.0.0' ],
124 silly audit   'js-yaml': [ '3.14.1' ],
124 silly audit   jsesc: [ '2.5.2', '0.5.0' ],
124 silly audit   'json-parse-better-errors': [ '1.0.2' ],
124 silly audit   'json-parse-even-better-errors': [ '2.3.1' ],
124 silly audit   'json-stable-stringify-without-jsonify': [ '1.0.1' ],
124 silly audit   json5: [ '2.2.1', '1.0.1' ],
124 silly audit   jsonfile: [ '6.1.0' ],
124 silly audit   'kind-of': [ '6.0.3' ],
124 silly audit   klona: [ '2.0.5' ],
124 silly audit   'launch-editor': [ '2.3.0' ],
124 silly audit   'launch-editor-middleware': [ '2.3.0' ],
124 silly audit   levn: [ '0.4.1' ],
124 silly audit   lilconfig: [ '2.0.5' ],
124 silly audit   'lines-and-columns': [ '1.2.4' ],
124 silly audit   'loader-runner': [ '4.3.0' ],
124 silly audit   'locate-path': [ '5.0.0' ],
124 silly audit   lodash: [ '4.17.21' ],
124 silly audit   'lodash.debounce': [ '4.0.8' ],
124 silly audit   'lodash.defaultsdeep': [ '4.6.1' ],
124 silly audit   'lodash.kebabcase': [ '4.1.1' ],
124 silly audit   'lodash.mapvalues': [ '4.6.0' ],
124 silly audit   'lodash.memoize': [ '4.1.2' ],
124 silly audit   'lodash.merge': [ '4.6.2' ],
124 silly audit   'lodash.truncate': [ '4.4.2' ],
124 silly audit   'lodash.uniq': [ '4.5.0' ],
124 silly audit   'log-symbols': [ '4.1.0' ],
124 silly audit   'log-update': [ '2.3.0' ],
124 silly audit   'mimic-fn': [ '1.2.0', '2.1.0' ],
124 silly audit   onetime: [ '2.0.1', '5.1.2' ],
124 silly audit   'restore-cursor': [ '2.0.0', '3.1.0' ],
124 silly audit   'string-width': [ '2.1.1', '4.2.3' ],
124 silly audit   'strip-ansi': [ '4.0.0', '6.0.1' ],
124 silly audit   'wrap-ansi': [ '3.0.1', '7.0.0' ],
124 silly audit   'lower-case': [ '2.0.2' ],
124 silly audit   'magic-string': [ '0.25.9' ],
124 silly audit   'make-dir': [ '3.1.0' ],
124 silly audit   'mdn-data': [ '2.0.14' ],
124 silly audit   'media-typer': [ '0.3.0' ],
124 silly audit   memfs: [ '3.4.1' ],
124 silly audit   'merge-descriptors': [ '1.0.1' ],
124 silly audit   'merge-source-map': [ '1.1.0' ],
124 silly audit   'merge-stream': [ '2.0.0' ],
124 silly audit   merge2: [ '1.4.1' ],
124 silly audit   methods: [ '1.1.2' ],
124 silly audit   micromatch: [ '4.0.5' ],
124 silly audit   mime: [ '1.6.0' ],
124 silly audit   'mime-db': [ '1.52.0' ],
124 silly audit   'mime-types': [ '2.1.35' ],
124 silly audit   'mini-css-extract-plugin': [ '2.6.0' ],
124 silly audit   'minimalistic-assert': [ '1.0.1' ],
124 silly audit   minimatch: [ '3.1.2' ],
124 silly audit   minimist: [ '1.2.6' ],
124 silly audit   minipass: [ '3.1.6' ],
124 silly audit   mkdirp: [ '0.5.6' ],
124 silly audit   'module-alias': [ '2.2.2' ],
124 silly audit   mrmime: [ '1.0.0' ],
124 silly audit   'multicast-dns': [ '7.2.4' ],
124 silly audit   mz: [ '2.7.0' ],
124 silly audit   nanoid: [ '3.3.2' ],
124 silly audit   'natural-compare': [ '1.4.0' ],
124 silly audit   negotiator: [ '0.6.3' ],
124 silly audit   'neo-async': [ '2.6.2' ],
124 silly audit   'nice-try': [ '1.0.5' ],
124 silly audit   'no-case': [ '3.0.4' ],
124 silly audit   'node-fetch': [ '2.6.7' ],
124 silly audit   'node-forge': [ '1.3.1' ],
124 silly audit   'node-releases': [ '2.0.3' ],
124 silly audit   'normalize-package-data': [ '2.5.0' ],
124 silly audit   'normalize-path': [ '3.0.0', '1.0.0' ],
124 silly audit   'normalize-range': [ '0.1.2' ],
124 silly audit   'normalize-url': [ '6.1.0' ],
124 silly audit   'nth-check': [ '2.0.1' ],
124 silly audit   'null-loader': [ '4.0.1' ],
124 silly audit   'object-assign': [ '4.1.1' ],
124 silly audit   'object-keys': [ '1.1.1' ],
124 silly audit   'object.assign': [ '4.1.2' ],
124 silly audit   obuf: [ '1.1.2' ],
124 silly audit   'on-finished': [ '2.3.0' ],
124 silly audit   'on-headers': [ '1.0.2' ],
124 silly audit   once: [ '1.4.0' ],
124 silly audit   open: [ '8.4.0' ],
124 silly audit   opener: [ '1.5.2' ],
124 silly audit   optionator: [ '0.9.1' ],
124 silly audit   ora: [ '5.4.1' ],
124 silly audit   'p-finally': [ '1.0.0' ],
124 silly audit   'p-limit': [ '2.3.0' ],
124 silly audit   'p-locate': [ '4.1.0' ],
124 silly audit   'p-retry': [ '4.6.1' ],
124 silly audit   'p-try': [ '2.2.0' ],
124 silly audit   'param-case': [ '3.0.4' ],
124 silly audit   'parent-module': [ '1.0.1' ],
124 silly audit   'parse-json': [ '5.2.0' ],
124 silly audit   parse5: [ '5.1.1', '6.0.1' ],
124 silly audit   'parse5-htmlparser2-tree-adapter': [ '6.0.1' ],
124 silly audit   parseurl: [ '1.3.3' ],
124 silly audit   'pascal-case': [ '3.1.2' ],
124 silly audit   'path-exists': [ '4.0.0' ],
124 silly audit   'path-is-absolute': [ '1.0.1' ],
124 silly audit   'path-parse': [ '1.0.7' ],
124 silly audit   'path-to-regexp': [ '0.1.7' ],
124 silly audit   'path-type': [ '4.0.0' ],
124 silly audit   picomatch: [ '2.3.1' ],
124 silly audit   'pkg-dir': [ '4.2.0' ],
124 silly audit   portfinder: [ '1.0.28' ],
124 silly audit   'postcss-calc': [ '8.2.4' ],
124 silly audit   'postcss-colormin': [ '5.3.0' ],
124 silly audit   'postcss-convert-values': [ '5.1.0' ],
124 silly audit   'postcss-discard-comments': [ '5.1.1' ],
124 silly audit   'postcss-discard-duplicates': [ '5.1.0' ],
124 silly audit   'postcss-discard-empty': [ '5.1.1' ],
124 silly audit   'postcss-discard-overridden': [ '5.1.0' ],
124 silly audit   'postcss-loader': [ '6.2.1' ],
124 silly audit   'postcss-merge-longhand': [ '5.1.4' ],
124 silly audit   'postcss-merge-rules': [ '5.1.1' ],
124 silly audit   'postcss-minify-font-values': [ '5.1.0' ],
124 silly audit   'postcss-minify-gradients': [ '5.1.1' ],
124 silly audit   'postcss-minify-params': [ '5.1.2' ],
124 silly audit   'postcss-minify-selectors': [ '5.2.0' ],
124 silly audit   'postcss-modules-extract-imports': [ '3.0.0' ],
124 silly audit   'postcss-modules-local-by-default': [ '4.0.0' ],
124 silly audit   'postcss-modules-scope': [ '3.0.0' ],
124 silly audit   'postcss-modules-values': [ '4.0.0' ],
124 silly audit   'postcss-normalize-charset': [ '5.1.0' ],
124 silly audit   'postcss-normalize-display-values': [ '5.1.0' ],
124 silly audit   'postcss-normalize-positions': [ '5.1.0' ],
124 silly audit   'postcss-normalize-repeat-style': [ '5.1.0' ],
124 silly audit   'postcss-normalize-string': [ '5.1.0' ],
124 silly audit   'postcss-normalize-timing-functions': [ '5.1.0' ],
124 silly audit   'postcss-normalize-unicode': [ '5.1.0' ],
124 silly audit   'postcss-normalize-url': [ '5.1.0' ],
124 silly audit   'postcss-normalize-whitespace': [ '5.1.1' ],
124 silly audit   'postcss-ordered-values': [ '5.1.1' ],
124 silly audit   'postcss-reduce-initial': [ '5.1.0' ],
124 silly audit   'postcss-reduce-transforms': [ '5.1.0' ],
124 silly audit   'postcss-selector-parser': [ '6.0.10' ],
124 silly audit   'postcss-svgo': [ '5.1.0' ],
124 silly audit   'postcss-unique-selectors': [ '5.1.1' ],
124 silly audit   'postcss-value-parser': [ '4.2.0' ],
124 silly audit   'prelude-ls': [ '1.2.1' ],
124 silly audit   prettier: [ '2.6.2' ],
124 silly audit   'pretty-error': [ '4.0.0' ],
124 silly audit   'process-nextick-args': [ '2.0.1' ],
124 silly audit   progress: [ '2.0.3' ],
124 silly audit   'progress-webpack-plugin': [ '1.0.16' ],
124 silly audit   'proxy-addr': [ '2.0.7' ],
124 silly audit   pseudomap: [ '1.0.2' ],
124 silly audit   pump: [ '3.0.0' ],
124 silly audit   punycode: [ '2.1.1' ],
124 silly audit   qs: [ '6.9.7' ],
124 silly audit   'queue-microtask': [ '1.2.3' ],
124 silly audit   randombytes: [ '2.1.0' ],
124 silly audit   'range-parser': [ '1.2.1' ],
124 silly audit   'raw-body': [ '2.4.3' ],
124 silly audit   'read-pkg': [ '5.2.0' ],
124 silly audit   'read-pkg-up': [ '7.0.1' ],
124 silly audit   readdirp: [ '3.6.0' ],
124 silly audit   rechoir: [ '0.6.2' ],
124 silly audit   regenerate: [ '1.4.2' ],
124 silly audit   'regenerate-unicode-properties': [ '10.0.1' ],
124 silly audit   'regenerator-runtime': [ '0.13.9' ],
124 silly audit   'regenerator-transform': [ '0.15.0' ],
124 silly audit   regexpp: [ '3.2.0' ],
124 silly audit   'regexpu-core': [ '5.0.1' ],
124 silly audit   regjsgen: [ '0.6.0' ],
124 silly audit   regjsparser: [ '0.8.4' ],
124 silly audit   relateurl: [ '0.2.7' ],
124 silly audit   renderkid: [ '3.0.0' ],
124 silly audit   'require-directory': [ '2.1.1' ],
124 silly audit   'require-from-string': [ '2.0.2' ],
124 silly audit   'requires-port': [ '1.0.0' ],
124 silly audit   resolve: [ '1.22.0' ],
124 silly audit   'resolve-from': [ '4.0.0' ],
124 silly audit   retry: [ '0.13.1' ],
124 silly audit   reusify: [ '1.0.4' ],
124 silly audit   rimraf: [ '3.0.2' ],
124 silly audit   'run-parallel': [ '1.2.0' ],
124 silly audit   'safer-buffer': [ '2.1.2' ],
124 silly audit   'select-hose': [ '2.0.0' ],
124 silly audit   selfsigned: [ '2.0.1' ],
124 silly audit   send: [ '0.17.2' ],
124 silly audit   'serialize-javascript': [ '6.0.0' ],
124 silly audit   'serve-index': [ '1.9.1' ],
124 silly audit   setprototypeof: [ '1.1.0', '1.2.0' ],
124 silly audit   'serve-static': [ '1.14.2' ],
124 silly audit   'shallow-clone': [ '3.0.1' ],
124 silly audit   'shell-quote': [ '1.7.3' ],
124 silly audit   shelljs: [ '0.8.5' ],
124 silly audit   'signal-exit': [ '3.0.7' ],
124 silly audit   sirv: [ '1.0.19' ],
124 silly audit   slash: [ '3.0.0' ],
124 silly audit   'slice-ansi': [ '4.0.0' ],
124 silly audit   sockjs: [ '0.3.24' ],
124 silly audit   'source-map-js': [ '1.0.2' ],
124 silly audit   'source-map-support': [ '0.5.21' ],
124 silly audit   'sourcemap-codec': [ '1.4.8' ],
124 silly audit   'spdx-correct': [ '3.1.1' ],
124 silly audit   'spdx-exceptions': [ '2.3.0' ],
124 silly audit   'spdx-expression-parse': [ '3.0.1' ],
124 silly audit   'spdx-license-ids': [ '3.0.11' ],
124 silly audit   spdy: [ '4.0.2' ],
124 silly audit   'spdy-transport': [ '3.0.0' ],
124 silly audit   'sprintf-js': [ '1.0.3' ],
124 silly audit   ssri: [ '8.0.1' ],
124 silly audit   stable: [ '0.1.8' ],
124 silly audit   stackframe: [ '1.2.1' ],
124 silly audit   statuses: [ '1.5.0' ],
124 silly audit   'strip-eof': [ '1.0.0' ],
124 silly audit   'strip-final-newline': [ '2.0.0' ],
124 silly audit   'strip-indent': [ '2.0.0' ],
124 silly audit   'strip-json-comments': [ '3.1.1' ],
124 silly audit   stylehacks: [ '5.1.0' ],
124 silly audit   'supports-preserve-symlinks-flag': [ '1.0.0' ],
124 silly audit   'svg-tags': [ '1.0.0' ],
124 silly audit   svgo: [ '2.8.0' ],
124 silly audit   table: [ '6.8.0' ],
124 silly audit   tapable: [ '2.2.1' ],
124 silly audit   terser: [ '5.12.1' ],
124 silly audit   'terser-webpack-plugin': [ '5.3.1' ],
124 silly audit   'text-table': [ '0.2.0' ],
124 silly audit   thenify: [ '3.3.1' ],
124 silly audit   'thenify-all': [ '1.6.0' ],
124 silly audit   'thread-loader': [ '3.0.4' ],
124 silly audit   thunky: [ '1.1.0' ],
124 silly audit   'to-fast-properties': [ '2.0.0' ],
124 silly audit   'to-regex-range': [ '5.0.1' ],
124 silly audit   toidentifier: [ '1.0.1' ],
124 silly audit   totalist: [ '1.1.0' ],
124 silly audit   tr46: [ '0.0.3' ],
124 silly audit   tslib: [ '2.3.1' ],
124 silly audit   'type-check': [ '0.4.0' ],
124 silly audit   'type-is': [ '1.6.18' ],
124 silly audit   'unicode-canonical-property-names-ecmascript': [ '2.0.0' ],
124 silly audit   'unicode-match-property-ecmascript': [ '2.0.0' ],
124 silly audit   'unicode-match-property-value-ecmascript': [ '2.0.0' ],
124 silly audit   'unicode-property-aliases-ecmascript': [ '2.0.0' ],
124 silly audit   universalify: [ '2.0.0' ],
124 silly audit   unpipe: [ '1.0.0' ],
124 silly audit   'uri-js': [ '4.4.1' ],
124 silly audit   'util-deprecate': [ '1.0.2' ],
124 silly audit   utila: [ '0.4.0' ],
124 silly audit   'utils-merge': [ '1.0.1' ],
124 silly audit   uuid: [ '8.3.2' ],
124 silly audit   'v8-compile-cache': [ '2.3.0' ],
124 silly audit   'validate-npm-package-license': [ '3.0.4' ],
124 silly audit   vary: [ '1.1.2' ],
124 silly audit   vue: [ '3.2.33' ],
124 silly audit   'vue-cli-plugin-vuetify': [ '2.4.8' ],
124 silly audit   'vue-eslint-parser': [ '8.3.0' ],
124 silly audit   'vue-hot-reload-api': [ '2.3.4' ],
124 silly audit   'vue-router': [ '4.0.14' ],
124 silly audit   'vue-style-loader': [ '4.1.3' ],
124 silly audit   'vue-template-es2015-compiler': [ '1.9.1' ],
124 silly audit   watchpack: [ '2.3.1' ],
124 silly audit   wbuf: [ '1.7.3' ],
124 silly audit   wcwidth: [ '1.0.1' ],
124 silly audit   'webidl-conversions': [ '3.0.1' ],
124 silly audit   webpack: [ '5.72.0' ],
124 silly audit   'webpack-bundle-analyzer': [ '4.5.0' ],
124 silly audit   'webpack-chain': [ '6.5.1' ],
124 silly audit   'webpack-dev-middleware': [ '5.3.1' ],
124 silly audit   'webpack-dev-server': [ '4.8.1' ],
124 silly audit   ws: [ '8.5.0', '7.5.7' ],
124 silly audit   'webpack-merge': [ '5.8.0' ],
124 silly audit   'webpack-sources': [ '3.2.3' ],
124 silly audit   'webpack-virtual-modules': [ '0.4.3' ],
124 silly audit   'websocket-driver': [ '0.7.4' ],
124 silly audit   'websocket-extensions': [ '0.1.4' ],
124 silly audit   'whatwg-fetch': [ '3.6.2' ],
124 silly audit   'whatwg-url': [ '5.0.0' ],
124 silly audit   wildcard: [ '2.0.0' ],
124 silly audit   'word-wrap': [ '1.2.3' ],
124 silly audit   wrappy: [ '1.0.2' ],
124 silly audit   y18n: [ '5.0.8' ],
124 silly audit   yaml: [ '1.10.2' ],
124 silly audit   yargs: [ '16.2.0' ],
124 silly audit   'yargs-parser': [ '20.2.9' ],
124 silly audit   yorkie: [ '2.0.0' ],
124 silly audit   '@mdi/font': [ '5.9.55' ],
124 silly audit   'roboto-fontface': [ '0.10.0' ],
124 silly audit   sass: [ '1.50.0' ],
124 silly audit   'sass-loader': [ '10.2.1' ],
124 silly audit   '@vuetify/nightly': [ '3.0.0-next-20220416.0' ],
124 silly audit   'vuetify-loader': [ '2.0.0-alpha.9' ],
124 silly audit   webfontloader: [ '1.6.28' ],
124 silly audit   immutable: [ '4.0.0' ],
124 silly audit   '@vuetify/loader-shared': [ '1.3.0' ],
124 silly audit   decache: [ '4.6.1' ],
124 silly audit   'file-loader': [ '6.2.0' ],
124 silly audit   querystring: [ '0.2.1' ],
124 silly audit   upath: [ '2.0.1' ],
124 silly audit   callsite: [ '1.0.0' ]
124 silly audit }
125 verbose reify failed optional dependency /app/node_modules/fsevents
126 silly reify mark deleted [ '/app/node_modules/fsevents' ]
127 timing reifyNode:node_modules/fsevents Completed in 18ms
128 silly tarball no local data for webfontloader@https://registry.npmjs.org/webfontloader/-/webfontloader-1.6.28.tgz. Extracting by manifest.
129 silly tarball no local data for callsite@https://registry.npmjs.org/callsite/-/callsite-1.0.0.tgz. Extracting by manifest.
130 silly tarball no local data for querystring@https://registry.npmjs.org/querystring/-/querystring-0.2.1.tgz. Extracting by manifest.
131 silly tarball no local data for file-loader@https://registry.npmjs.org/file-loader/-/file-loader-6.2.0.tgz. Extracting by manifest.
132 silly tarball no local data for upath@https://registry.npmjs.org/upath/-/upath-2.0.1.tgz. Extracting by manifest.
133 silly tarball no local data for decache@https://registry.npmjs.org/decache/-/decache-4.6.1.tgz. Extracting by manifest.
134 silly tarball no local data for @vuetify/loader-shared@https://registry.npmjs.org/@vuetify/loader-shared/-/loader-shared-1.3.0.tgz. Extracting by manifest.
135 silly tarball no local data for sass-loader@https://registry.npmjs.org/sass-loader/-/sass-loader-10.2.1.tgz. Extracting by manifest.
136 silly tarball no local data for @mdi/font@https://registry.npmjs.org/@mdi/font/-/font-5.9.55.tgz. Extracting by manifest.
137 silly tarball no local data for sass@https://registry.npmjs.org/sass/-/sass-1.50.0.tgz. Extracting by manifest.
138 silly tarball no local data for vuetify@https://registry.npmjs.org/@vuetify/nightly/-/nightly-3.0.0-next-20220416.0.tgz. Extracting by manifest.
139 silly tarball no local data for vuetify-loader@https://registry.npmjs.org/vuetify-loader/-/vuetify-loader-2.0.0-alpha.9.tgz. Extracting by manifest.
140 silly tarball no local data for immutable@https://registry.npmjs.org/immutable/-/immutable-4.0.0.tgz. Extracting by manifest.
141 silly tarball no local data for roboto-fontface@https://registry.npmjs.org/roboto-fontface/-/roboto-fontface-0.10.0.tgz. Extracting by manifest.
142 http fetch POST 200 https://registry.npmjs.org/-/npm/v1/security/advisories/bulk 445ms
143 timing auditReport:getReport Completed in 489ms
144 silly audit report {}
145 timing auditReport:init Completed in 0ms
146 timing reify:audit Completed in 494ms
147 http fetch GET 200 https://registry.npmjs.org/upath/-/upath-2.0.1.tgz 1707ms (cache miss)
148 timing reifyNode:node_modules/upath Completed in 1886ms
149 http fetch GET 200 https://registry.npmjs.org/querystring/-/querystring-0.2.1.tgz 2198ms (cache miss)
150 warn deprecated querystring@0.2.1: The querystring API is considered Legacy. new code should use the URLSearchParams API instead.
151 timing reifyNode:node_modules/querystring Completed in 2352ms
152 http fetch GET 200 https://registry.npmjs.org/callsite/-/callsite-1.0.0.tgz 2292ms (cache miss)
153 timing reifyNode:node_modules/callsite Completed in 2435ms
154 timing reifyNode:node_modules/file-loader/node_modules/loader-utils Completed in 2706ms
155 timing reifyNode:node_modules/vuetify-loader/node_modules/loader-utils Completed in 2711ms
156 timing reifyNode:node_modules/sass-loader/node_modules/loader-utils Completed in 2867ms
157 http fetch GET 200 https://registry.npmjs.org/file-loader/-/file-loader-6.2.0.tgz 3043ms (cache miss)
158 timing reifyNode:node_modules/file-loader Completed in 3207ms
159 timing reifyNode:node_modules/file-loader/node_modules/schema-utils Completed in 3259ms
160 timing reifyNode:node_modules/sass-loader/node_modules/schema-utils Completed in 3292ms
161 http fetch GET 200 https://registry.npmjs.org/vuetify-loader/-/vuetify-loader-2.0.0-alpha.9.tgz 3102ms (cache miss)
162 timing reifyNode:node_modules/vuetify-loader Completed in 3385ms
163 http fetch GET 200 https://registry.npmjs.org/decache/-/decache-4.6.1.tgz 3214ms (cache miss)
164 timing reifyNode:node_modules/decache Completed in 3399ms
165 http fetch GET 200 https://registry.npmjs.org/sass-loader/-/sass-loader-10.2.1.tgz 3222ms (cache miss)
166 timing reifyNode:node_modules/sass-loader Completed in 3434ms
167 http fetch GET 200 https://registry.npmjs.org/@vuetify/loader-shared/-/loader-shared-1.3.0.tgz 3443ms (cache miss)
168 timing reifyNode:node_modules/@vuetify/loader-shared Completed in 3651ms
169 http fetch GET 200 https://registry.npmjs.org/webfontloader/-/webfontloader-1.6.28.tgz 3659ms (cache miss)
170 timing reifyNode:node_modules/webfontloader Completed in 3782ms
171 timing reifyNode:node_modules/sass-loader/node_modules/semver Completed in 3811ms
172 http fetch GET 200 https://registry.npmjs.org/immutable/-/immutable-4.0.0.tgz 3937ms (cache miss)
173 timing reifyNode:node_modules/immutable Completed in 4227ms
174 http fetch GET 200 https://registry.npmjs.org/sass/-/sass-1.50.0.tgz 6212ms (cache miss)
175 timing reifyNode:node_modules/sass Completed in 6482ms
176 http fetch GET 200 https://registry.npmjs.org/@mdi/font/-/font-5.9.55.tgz 6416ms (cache miss)
177 timing reifyNode:node_modules/@mdi/font Completed in 6640ms
178 http fetch GET 200 https://registry.npmjs.org/roboto-fontface/-/roboto-fontface-0.10.0.tgz 6855ms (cache miss)
179 timing reifyNode:node_modules/roboto-fontface Completed in 7177ms
180 http fetch GET 200 https://registry.npmjs.org/@vuetify/nightly/-/nightly-3.0.0-next-20220416.0.tgz 18279ms (cache miss)
181 timing reifyNode:node_modules/vuetify Completed in 18564ms
182 timing reify:unpack Completed in 18573ms
183 timing reify:unretire Completed in 0ms
184 timing build:queue Completed in 35ms
185 timing build:link:node_modules/sass Completed in 65ms
186 timing build:link:node_modules/sass-loader/node_modules/semver Completed in 76ms
187 timing build:link Completed in 80ms
188 timing build:deps Completed in 121ms
189 timing build Completed in 123ms
190 timing reify:build Completed in 128ms
191 timing reify:trash Completed in 4ms
192 timing reify:save Completed in 687ms
193 timing reify Completed in 31676ms
194 silly ADD node_modules/callsite
195 silly ADD node_modules/upath
196 silly ADD node_modules/querystring
197 silly ADD node_modules/file-loader
198 silly ADD node_modules/file-loader/node_modules/schema-utils
199 silly ADD node_modules/file-loader/node_modules/loader-utils
200 silly ADD node_modules/decache
201 silly ADD node_modules/@vuetify/loader-shared
202 silly ADD node_modules/immutable
203 silly ADD node_modules/webfontloader
204 silly ADD node_modules/vuetify-loader
205 silly ADD node_modules/vuetify-loader/node_modules/loader-utils
206 silly ADD node_modules/vuetify
207 silly ADD node_modules/sass-loader
208 silly ADD node_modules/sass-loader/node_modules/semver
209 silly ADD node_modules/sass-loader/node_modules/schema-utils
210 silly ADD node_modules/sass-loader/node_modules/loader-utils
211 silly ADD node_modules/sass
212 silly ADD node_modules/roboto-fontface
213 silly ADD node_modules/@mdi/font
214 silly ADD
215 timing command:install Completed in 31801ms
216 verbose exit 0
217 timing npm Completed in 32101ms
218 info ok
