0 verbose cli /usr/local/bin/node /usr/local/bin/npm
1 info using npm@8.7.0
2 info using node@v16.2.0
3 timing npm:load:whichnode Completed in 1ms
4 timing config:load:defaults Completed in 5ms
5 timing config:load:file:/usr/local/lib/node_modules/npm/npmrc Completed in 4ms
6 timing config:load:builtin Completed in 4ms
7 timing config:load:cli Completed in 9ms
8 timing config:load:env Completed in 1ms
9 timing config:load:project Completed in 11ms
10 timing config:load:file:/app/.npmrc Completed in 12ms
11 timing config:load:user Completed in 12ms
12 timing config:load:file:/usr/local/etc/npmrc Completed in 0ms
13 timing config:load:global Completed in 2ms
14 timing config:load:validate Completed in 0ms
15 timing config:load:credentials Completed in 3ms
16 timing config:load:setEnvs Completed in 3ms
17 timing config:load Completed in 51ms
18 timing npm:load:configload Completed in 52ms
19 timing npm:load:mkdirpcache Completed in 7ms
20 timing npm:load:mkdirplogs Completed in 9ms
21 verbose title npm run serve
22 verbose argv "run" "serve"
23 timing npm:load:setTitle Completed in 6ms
24 timing config:load:flatten Completed in 12ms
25 timing npm:load:display Completed in 15ms
26 verbose logfile logs-max:10 dir:/app/.npm/_logs
27 verbose logfile /app/.npm/_logs/2022-04-18T14_00_27_926Z-debug-0.log
28 timing npm:load:logFile Completed in 104ms
29 timing npm:load:timers Completed in 1ms
30 timing npm:load:configScope Completed in 0ms
31 timing npm:load Completed in 204ms
32 silly logfile start cleaning logs, removing 1 files
33 silly logfile done cleaning log files
34 timing command:run Completed in 1869348ms
35 verbose stack Error: command failed
35 verbose stack     at ChildProcess.<anonymous> (/usr/local/lib/node_modules/npm/node_modules/@npmcli/promise-spawn/lib/index.js:63:27)
35 verbose stack     at ChildProcess.emit (node:events:365:28)
35 verbose stack     at maybeClose (node:internal/child_process:1067:16)
35 verbose stack     at Process.ChildProcess._handle.onexit (node:internal/child_process:301:5)
36 verbose pkgid app@0.1.0
37 verbose cwd /app
38 verbose Linux 5.10.104-linuxkit
39 verbose node v16.2.0
40 verbose npm  v8.7.0
41 error path /app
42 error command failed
43 error signal SIGTERM
44 error command sh -c vue-cli-service serve
45 verbose exit 1
46 timing npm Completed in 1869613ms
47 verbose code 1
48 error A complete log of this run can be found in:
48 error     /app/.npm/_logs/2022-04-18T14_00_27_926Z-debug-0.log
