0 verbose cli /usr/local/bin/node /usr/local/bin/npm
1 info using npm@8.7.0
2 info using node@v16.2.0
3 timing npm:load:whichnode Completed in 1ms
4 timing config:load:defaults Completed in 6ms
5 timing config:load:file:/usr/local/lib/node_modules/npm/npmrc Completed in 16ms
6 timing config:load:builtin Completed in 20ms
7 timing config:load:cli Completed in 12ms
8 timing config:load:env Completed in 1ms
9 timing config:load:project Completed in 9ms
10 timing config:load:file:/app/.npmrc Completed in 3ms
11 timing config:load:user Completed in 4ms
12 timing config:load:file:/usr/local/etc/npmrc Completed in 0ms
13 timing config:load:global Completed in 2ms
14 timing config:load:validate Completed in 4ms
15 timing config:load:credentials Completed in 3ms
16 timing config:load:setEnvs Completed in 4ms
17 timing config:load Completed in 68ms
18 timing npm:load:configload Completed in 69ms
19 timing npm:load:mkdirpcache Completed in 9ms
20 timing npm:load:mkdirplogs Completed in 5ms
21 verbose title npm
22 verbose argv "--version"
23 timing npm:load:setTitle Completed in 5ms
24 timing config:load:flatten Completed in 16ms
25 timing npm:load:display Completed in 22ms
26 verbose logfile logs-max:10 dir:/app/.npm/_logs
27 verbose logfile /app/.npm/_logs/2022-04-18T13_07_08_876Z-debug-0.log
28 timing npm:load:logFile Completed in 72ms
29 timing npm:load:timers Completed in 0ms
30 timing npm:load:configScope Completed in 1ms
31 timing npm:load Completed in 192ms
32 verbose exit 0
33 timing npm Completed in 241ms
34 info ok
